[debug] [2023-02-05T05:29:28.229Z] ----------------------------------------------------------------------
[debug] [2023-02-05T05:29:28.230Z] Command:       /usr/local/bin/node /usr/local/bin/firebase emulators:start
[debug] [2023-02-05T05:29:28.230Z] CLI Version:   11.22.0
[debug] [2023-02-05T05:29:28.230Z] Platform:      darwin
[debug] [2023-02-05T05:29:28.230Z] Node Version:  v16.14.0
[debug] [2023-02-05T05:29:28.231Z] Time:          Sun Feb 05 2023 00:29:28 GMT-0500 (Eastern Standard Time)
[debug] [2023-02-05T05:29:28.231Z] ----------------------------------------------------------------------
[debug] 
[debug] [2023-02-05T05:29:28.271Z] > command requires scopes: ["email","openid","https://www.googleapis.com/auth/cloudplatformprojects.readonly","https://www.googleapis.com/auth/firebase","https://www.googleapis.com/auth/cloud-platform"]
[debug] [2023-02-05T05:29:28.271Z] > authorizing via signed-in user (s.premchander98@gmail.com)
[info] i  emulators: Starting emulators: functions, hosting {"metadata":{"emulator":{"name":"hub"},"message":"Starting emulators: functions, hosting"}}
[debug] [2023-02-05T05:29:28.523Z] [logging] Logging Emulator only supports listening on one address (127.0.0.1). Not listening on ::1
[warn] ⚠  hosting: Hosting Emulator unable to start on port 5000, starting on 5002 instead. {"metadata":{"emulator":{"name":"hosting"},"message":"Hosting Emulator unable to start on port 5000, starting on 5002 instead."}}
[debug] [2023-02-05T05:29:28.523Z] [hosting] Hosting Emulator only supports listening on one address (127.0.0.1). Not listening on ::1
[debug] [2023-02-05T05:29:28.524Z] assigned listening specs for emulators {"user":{"hub":[{"address":"127.0.0.1","family":"IPv4","port":4400},{"address":"::1","family":"IPv6","port":4400}],"ui":[{"address":"127.0.0.1","family":"IPv4","port":4000},{"address":"::1","family":"IPv6","port":4000}],"logging":[{"address":"127.0.0.1","family":"IPv4","port":4500}],"hosting":[{"address":"127.0.0.1","family":"IPv4","port":5002}]},"metadata":{"message":"assigned listening specs for emulators"}}
[debug] [2023-02-05T05:29:28.528Z] [hub] writing locator at /var/folders/4s/_53l048n17b07_dnjdb86c200000gp/T/hub-clone-f6853.json
[debug] [2023-02-05T05:29:28.650Z] [functions] Functions Emulator only supports listening on one address (127.0.0.1). Not listening on ::1
[debug] [2023-02-05T05:29:28.651Z] [eventarc] Eventarc Emulator only supports listening on one address (127.0.0.1). Not listening on ::1
[debug] [2023-02-05T05:29:28.651Z] late-assigned ports for functions and eventarc emulators {"user":{"hub":[{"address":"127.0.0.1","family":"IPv4","port":4400},{"address":"::1","family":"IPv6","port":4400}],"ui":[{"address":"127.0.0.1","family":"IPv4","port":4000},{"address":"::1","family":"IPv6","port":4000}],"logging":[{"address":"127.0.0.1","family":"IPv4","port":4500}],"hosting":[{"address":"127.0.0.1","family":"IPv4","port":5002}],"functions":[{"address":"127.0.0.1","family":"IPv4","port":5001}],"eventarc":[{"address":"127.0.0.1","family":"IPv4","port":9299}]},"metadata":{"message":"late-assigned ports for functions and eventarc emulators"}}
[warn] ⚠  functions: The following emulators are not running, calls to these services from the Functions emulator will affect production: auth, firestore, database, pubsub, storage {"metadata":{"emulator":{"name":"functions"},"message":"The following emulators are not running, calls to these services from the Functions emulator will affect production: \u001b[1mauth, firestore, database, pubsub, storage\u001b[22m"}}
[debug] [2023-02-05T05:29:28.653Z] defaultcredentials: writing to file /Users/premchandersatheesh/.config/firebase/s_premchander98_gmail.com_application_default_credentials.json
[debug] [2023-02-05T05:29:28.659Z] Setting GAC to /Users/premchandersatheesh/.config/firebase/s_premchander98_gmail.com_application_default_credentials.json {"metadata":{"emulator":{"name":"functions"},"message":"Setting GAC to /Users/premchandersatheesh/.config/firebase/s_premchander98_gmail.com_application_default_credentials.json"}}
[debug] [2023-02-05T05:29:28.660Z] >>> [apiv2][query] GET https://firebase.googleapis.com/v1beta1/projects/clone-f6853/adminSdkConfig [none]
[debug] [2023-02-05T05:29:29.024Z] <<< [apiv2][status] GET https://firebase.googleapis.com/v1beta1/projects/clone-f6853/adminSdkConfig 200
[debug] [2023-02-05T05:29:29.024Z] <<< [apiv2][body] GET https://firebase.googleapis.com/v1beta1/projects/clone-f6853/adminSdkConfig {"projectId":"clone-f6853","storageBucket":"clone-f6853.appspot.com"}
[debug] [2023-02-05T05:29:29.075Z] >>> [apiv2][query] GET https://firebasehosting.googleapis.com/v1beta1/projects/clone-f6853/sites 
[debug] [2023-02-05T05:29:29.536Z] <<< [apiv2][status] GET https://firebasehosting.googleapis.com/v1beta1/projects/clone-f6853/sites 200
[debug] [2023-02-05T05:29:29.536Z] <<< [apiv2][body] GET https://firebasehosting.googleapis.com/v1beta1/projects/clone-f6853/sites {"sites":[{"name":"projects/clone-f6853/sites/clone-f6853","defaultUrl":"https://clone-f6853.web.app","appId":"1:337306334945:web:3d7742eecaa09f9af3e9a0","type":"DEFAULT_SITE"}]}
[debug] [2023-02-05T05:29:29.537Z] >>> [apiv2][query] GET https://firebase.googleapis.com/v1beta1/projects/clone-f6853/webApps/1:337306334945:web:3d7742eecaa09f9af3e9a0/config [none]
[debug] [2023-02-05T05:29:29.930Z] <<< [apiv2][status] GET https://firebase.googleapis.com/v1beta1/projects/clone-f6853/webApps/1:337306334945:web:3d7742eecaa09f9af3e9a0/config 200
[debug] [2023-02-05T05:29:29.931Z] <<< [apiv2][body] GET https://firebase.googleapis.com/v1beta1/projects/clone-f6853/webApps/1:337306334945:web:3d7742eecaa09f9af3e9a0/config {"projectId":"clone-f6853","appId":"1:337306334945:web:3d7742eecaa09f9af3e9a0","storageBucket":"clone-f6853.appspot.com","apiKey":"AIzaSyAD_GiT4p3wS24nJCiZgQZByr4ybran50k","authDomain":"clone-f6853.firebaseapp.com","messagingSenderId":"337306334945","measurementId":"G-KKC48VJBR4"}
[debug] [2023-02-05T05:29:29.937Z] >>> [apiv2][query] GET https://firebase.googleapis.com/v1beta1/projects/clone-f6853 [none]
[debug] [2023-02-05T05:29:30.180Z] <<< [apiv2][status] GET https://firebase.googleapis.com/v1beta1/projects/clone-f6853 200
[debug] [2023-02-05T05:29:30.180Z] <<< [apiv2][body] GET https://firebase.googleapis.com/v1beta1/projects/clone-f6853 {"projectId":"clone-f6853","projectNumber":"337306334945","displayName":"amazon-clone","name":"projects/clone-f6853","resources":{"hostingSite":"clone-f6853"},"state":"ACTIVE","etag":"1_48e0133b-c480-4524-858b-7404a7e53e91"}
[info] i  hosting[clone-f6853]: Serving hosting files from: build {"metadata":{"emulator":{"name":"hosting"},"message":"Serving hosting files from: \u001b[1mbuild\u001b[22m"}}
[info] ✔  hosting[clone-f6853]: Local server: http://127.0.0.1:5002 {"metadata":{"emulator":{"name":"hosting"},"message":"Local server: \u001b[4m\u001b[1mhttp://127.0.0.1:5002\u001b[22m\u001b[24m"}}
[debug] [2023-02-05T05:29:30.257Z] Ignoring unsupported arg: auto_download {"metadata":{"emulator":{"name":"ui"},"message":"Ignoring unsupported arg: auto_download"}}
[debug] [2023-02-05T05:29:30.257Z] Ignoring unsupported arg: port {"metadata":{"emulator":{"name":"ui"},"message":"Ignoring unsupported arg: port"}}
[debug] [2023-02-05T05:29:30.257Z] Starting Emulator UI with command {"binary":"node","args":["/Users/premchandersatheesh/.cache/firebase/emulators/ui-v1.11.2/server/server.js"],"optionalArgs":[],"joinArgs":false} {"metadata":{"emulator":{"name":"ui"},"message":"Starting Emulator UI with command {\"binary\":\"node\",\"args\":[\"/Users/premchandersatheesh/.cache/firebase/emulators/ui-v1.11.2/server/server.js\"],\"optionalArgs\":[],\"joinArgs\":false}"}}
[info] i  ui: Emulator UI logging to ui-debug.log {"metadata":{"emulator":{"name":"ui"},"message":"Emulator UI logging to \u001b[1mui-debug.log\u001b[22m"}}
[debug] [2023-02-05T05:29:30.329Z] Web / API server started at 127.0.0.1:4000
 {"metadata":{"emulator":{"name":"ui"},"message":"Web / API server started at 127.0.0.1:4000\n"}}
[debug] [2023-02-05T05:29:30.330Z] Web / API server started at ::1:4000
 {"metadata":{"emulator":{"name":"ui"},"message":"Web / API server started at ::1:4000\n"}}
[info] i  functions: Watching "/Users/premchandersatheesh/git/premc98/Projects/amazon-clone/functions" for Cloud Functions... {"metadata":{"emulator":{"name":"functions"},"message":"Watching \"/Users/premchandersatheesh/git/premc98/Projects/amazon-clone/functions\" for Cloud Functions..."}}
[debug] [2023-02-05T05:29:30.543Z] Validating nodejs source
[warn] ⚠  functions: package.json indicates an outdated version of firebase-functions. Please upgrade using npm install --save firebase-functions@latest in your functions directory. 
[warn] ⚠  functions: Please note that there will be breaking changes when you upgrade. 
[debug] [2023-02-05T05:29:30.927Z] > [functions] package.json contents: {
  "name": "functions",
  "description": "Cloud Functions for Firebase",
  "scripts": {
    "lint": "eslint .",
    "serve": "firebase emulators:start --only functions",
    "shell": "firebase functions:shell",
    "start": "npm run shell",
    "deploy": "firebase deploy --only functions",
    "logs": "firebase functions:log"
  },
  "engines": {
    "node": "16"
  },
  "main": "index.js",
  "dependencies": {
    "cors": "^2.8.5",
    "express": "^4.18.2",
    "firebase-admin": "^10.0.2",
    "firebase-functions": "^3.18.0",
    "stripe": "^11.8.0"
  },
  "devDependencies": {
    "eslint": "^8.9.0",
    "eslint-config-google": "^0.14.0",
    "firebase-functions-test": "^0.2.0"
  },
  "private": true
}
[debug] [2023-02-05T05:29:30.927Z] Building nodejs source
[debug] [2023-02-05T05:29:30.927Z] Failed to find version of module node: reached end of search path /Users/premchandersatheesh/git/premc98/Projects/amazon-clone/functions/node_modules
[info] ✔  functions: Using node@16 from host. 
[debug] [2023-02-05T05:29:30.928Z] Could not find functions.yaml. Must use http discovery
[debug] [2023-02-05T05:29:30.932Z] Found firebase-functions binary at '/Users/premchandersatheesh/git/premc98/Projects/amazon-clone/functions/node_modules/.bin/firebase-functions'
[debug] [2023-02-05T05:29:31.027Z] Serving at port 8420

[debug] [2023-02-05T05:29:31.084Z] Got response from /__/functions.yaml {"endpoints":{"api":{"platform":"gcfv1","httpsTrigger":{},"entryPoint":"api"}},"specVersion":"v1alpha1","requiredAPIs":[]}
[debug] [2023-02-05T05:29:31.100Z] shutdown requested via /__/quitquitquit

[info] ✔  functions: Loaded functions definitions from source: api. {"metadata":{"emulator":{"name":"functions"},"message":"Loaded functions definitions from source: api."}}
[info] ✔  functions[us-central1-api]: http function initialized (http://127.0.0.1:5001/clone-f6853/us-central1/api). {"metadata":{"emulator":{"name":"functions"},"message":"\u001b[1mhttp\u001b[22m function initialized (http://127.0.0.1:5001/clone-f6853/us-central1/api)."}}
[info] 
┌─────────────────────────────────────────────────────────────┐
│ ✔  All emulators ready! It is now safe to connect your app. │
│ i  View Emulator UI at http://127.0.0.1:4000/               │
└─────────────────────────────────────────────────────────────┘

┌───────────┬────────────────┬─────────────────────────────────┐
│ Emulator  │ Host:Port      │ View in Emulator UI             │
├───────────┼────────────────┼─────────────────────────────────┤
│ Functions │ 127.0.0.1:5001 │ http://127.0.0.1:4000/functions │
├───────────┼────────────────┼─────────────────────────────────┤
│ Hosting   │ 127.0.0.1:5002 │ n/a                             │
└───────────┴────────────────┴─────────────────────────────────┘
  Emulator Hub running at 127.0.0.1:4400
  Other reserved ports: 4500

Issues? Report them at https://github.com/firebase/firebase-tools/issues and attach the *-debug.log files.
 
[debug] [2023-02-05T05:30:10.429Z] [work-queue] {"queuedWork":["/clone-f6853/us-central1/api/payments/create-2023-02-05T05:30:10.428Z"],"queueLength":1,"runningWork":[],"workRunningCount":0}
[debug] [2023-02-05T05:30:10.432Z] [work-queue] {"queuedWork":[],"queueLength":0,"runningWork":["/clone-f6853/us-central1/api/payments/create-2023-02-05T05:30:10.428Z"],"workRunningCount":1}
[debug] [2023-02-05T05:30:10.433Z] Accepted request POST /clone-f6853/us-central1/api/payments/create?total=29898 --> us-central1-api
[debug] [2023-02-05T05:30:10.447Z] [functions] Runtime ready! Sending request! {"metadata":{"emulator":{"name":"functions"},"message":"[functions] Runtime ready! Sending request!"}}
[debug] [2023-02-05T05:30:10.448Z] [functions] Got req.url=/clone-f6853/us-central1/api/payments/create?total=29898, mapping to path=/payments/create?total=29898 {"metadata":{"emulator":{"name":"functions"},"message":"[functions] Got req.url=/clone-f6853/us-central1/api/payments/create?total=29898, mapping to path=/payments/create?total=29898"}}
[debug] [2023-02-05T05:30:10.472Z] [worker-pool] addWorker(us-central1-api) {"metadata":{"emulator":{"name":"functions"},"message":"[worker-pool] addWorker(us-central1-api)"}}
[debug] [2023-02-05T05:30:10.473Z] [worker-pool] Adding worker with key us-central1-api, total=1 {"metadata":{"emulator":{"name":"functions"},"message":"[worker-pool] Adding worker with key us-central1-api, total=1"}}
[debug] [2023-02-05T05:30:10.477Z] [work-queue] {"queuedWork":["/clone-f6853/us-central1/api/payments/create-2023-02-05T05:30:10.477Z"],"queueLength":1,"runningWork":["/clone-f6853/us-central1/api/payments/create-2023-02-05T05:30:10.428Z"],"workRunningCount":1}
[debug] [2023-02-05T05:30:10.478Z] [work-queue] {"queuedWork":[],"queueLength":0,"runningWork":["/clone-f6853/us-central1/api/payments/create-2023-02-05T05:30:10.428Z","/clone-f6853/us-central1/api/payments/create-2023-02-05T05:30:10.477Z"],"workRunningCount":2}
[debug] [2023-02-05T05:30:10.478Z] Accepted request POST /clone-f6853/us-central1/api/payments/create?total=29898 --> us-central1-api
[debug] [2023-02-05T05:30:10.480Z] [functions] Runtime ready! Sending request! {"metadata":{"emulator":{"name":"functions"},"message":"[functions] Runtime ready! Sending request!"}}
[debug] [2023-02-05T05:30:10.481Z] [functions] Got req.url=/clone-f6853/us-central1/api/payments/create?total=29898, mapping to path=/payments/create?total=29898 {"metadata":{"emulator":{"name":"functions"},"message":"[functions] Got req.url=/clone-f6853/us-central1/api/payments/create?total=29898, mapping to path=/payments/create?total=29898"}}
[debug] [2023-02-05T05:30:10.490Z] [worker-pool] addWorker(us-central1-api) {"metadata":{"emulator":{"name":"functions"},"message":"[worker-pool] addWorker(us-central1-api)"}}
[debug] [2023-02-05T05:30:10.490Z] [worker-pool] Adding worker with key us-central1-api, total=2 {"metadata":{"emulator":{"name":"functions"},"message":"[worker-pool] Adding worker with key us-central1-api, total=2"}}
[debug] [2023-02-05T05:30:11.322Z] [runtime-status] [11355] Resolved module firebase-admin {"declared":true,"installed":true,"version":"10.3.0","resolution":"/Users/premchandersatheesh/git/premc98/Projects/amazon-clone/functions/node_modules/firebase-admin/lib/index.js"} {"metadata":{"emulator":{"name":"functions"},"function":{"name":"us-central1-api"},"extension":{},"message":"[runtime-status] [11355] Resolved module firebase-admin {\"declared\":true,\"installed\":true,\"version\":\"10.3.0\",\"resolution\":\"/Users/premchandersatheesh/git/premc98/Projects/amazon-clone/functions/node_modules/firebase-admin/lib/index.js\"}"}}
[debug] [2023-02-05T05:30:11.322Z] [runtime-status] [11356] Resolved module firebase-admin {"declared":true,"installed":true,"version":"10.3.0","resolution":"/Users/premchandersatheesh/git/premc98/Projects/amazon-clone/functions/node_modules/firebase-admin/lib/index.js"} {"metadata":{"emulator":{"name":"functions"},"function":{"name":"us-central1-api"},"extension":{},"message":"[runtime-status] [11356] Resolved module firebase-admin {\"declared\":true,\"installed\":true,\"version\":\"10.3.0\",\"resolution\":\"/Users/premchandersatheesh/git/premc98/Projects/amazon-clone/functions/node_modules/firebase-admin/lib/index.js\"}"}}
[debug] [2023-02-05T05:30:11.322Z] [runtime-status] [11355] Resolved module firebase-functions {"declared":true,"installed":true,"version":"3.24.1","resolution":"/Users/premchandersatheesh/git/premc98/Projects/amazon-clone/functions/node_modules/firebase-functions/lib/index.js"} {"metadata":{"emulator":{"name":"functions"},"function":{"name":"us-central1-api"},"extension":{},"message":"[runtime-status] [11355] Resolved module firebase-functions {\"declared\":true,\"installed\":true,\"version\":\"3.24.1\",\"resolution\":\"/Users/premchandersatheesh/git/premc98/Projects/amazon-clone/functions/node_modules/firebase-functions/lib/index.js\"}"}}
[debug] [2023-02-05T05:30:11.322Z] [runtime-status] [11356] Resolved module firebase-functions {"declared":true,"installed":true,"version":"3.24.1","resolution":"/Users/premchandersatheesh/git/premc98/Projects/amazon-clone/functions/node_modules/firebase-functions/lib/index.js"} {"metadata":{"emulator":{"name":"functions"},"function":{"name":"us-central1-api"},"extension":{},"message":"[runtime-status] [11356] Resolved module firebase-functions {\"declared\":true,\"installed\":true,\"version\":\"3.24.1\",\"resolution\":\"/Users/premchandersatheesh/git/premc98/Projects/amazon-clone/functions/node_modules/firebase-functions/lib/index.js\"}"}}
[debug] [2023-02-05T05:30:11.322Z] [runtime-status] [11355] Outgoing network have been stubbed. [{"name":"http","status":"mocked"},{"name":"http","status":"mocked"},{"name":"https","status":"mocked"},{"name":"https","status":"mocked"},{"name":"net","status":"mocked"}] {"metadata":{"emulator":{"name":"functions"},"function":{"name":"us-central1-api"},"extension":{},"message":"[runtime-status] [11355] Outgoing network have been stubbed. [{\"name\":\"http\",\"status\":\"mocked\"},{\"name\":\"http\",\"status\":\"mocked\"},{\"name\":\"https\",\"status\":\"mocked\"},{\"name\":\"https\",\"status\":\"mocked\"},{\"name\":\"net\",\"status\":\"mocked\"}]"}}
[debug] [2023-02-05T05:30:11.323Z] [runtime-status] [11356] Outgoing network have been stubbed. [{"name":"http","status":"mocked"},{"name":"http","status":"mocked"},{"name":"https","status":"mocked"},{"name":"https","status":"mocked"},{"name":"net","status":"mocked"}] {"metadata":{"emulator":{"name":"functions"},"function":{"name":"us-central1-api"},"extension":{},"message":"[runtime-status] [11356] Outgoing network have been stubbed. [{\"name\":\"http\",\"status\":\"mocked\"},{\"name\":\"http\",\"status\":\"mocked\"},{\"name\":\"https\",\"status\":\"mocked\"},{\"name\":\"https\",\"status\":\"mocked\"},{\"name\":\"net\",\"status\":\"mocked\"}]"}}
[debug] [2023-02-05T05:30:11.323Z] [runtime-status] [11355] Resolved module firebase-functions {"declared":true,"installed":true,"version":"3.24.1","resolution":"/Users/premchandersatheesh/git/premc98/Projects/amazon-clone/functions/node_modules/firebase-functions/lib/index.js"} {"metadata":{"emulator":{"name":"functions"},"function":{"name":"us-central1-api"},"extension":{},"message":"[runtime-status] [11355] Resolved module firebase-functions {\"declared\":true,\"installed\":true,\"version\":\"3.24.1\",\"resolution\":\"/Users/premchandersatheesh/git/premc98/Projects/amazon-clone/functions/node_modules/firebase-functions/lib/index.js\"}"}}
[debug] [2023-02-05T05:30:11.323Z] [runtime-status] [11356] Resolved module firebase-functions {"declared":true,"installed":true,"version":"3.24.1","resolution":"/Users/premchandersatheesh/git/premc98/Projects/amazon-clone/functions/node_modules/firebase-functions/lib/index.js"} {"metadata":{"emulator":{"name":"functions"},"function":{"name":"us-central1-api"},"extension":{},"message":"[runtime-status] [11356] Resolved module firebase-functions {\"declared\":true,\"installed\":true,\"version\":\"3.24.1\",\"resolution\":\"/Users/premchandersatheesh/git/premc98/Projects/amazon-clone/functions/node_modules/firebase-functions/lib/index.js\"}"}}
[debug] [2023-02-05T05:30:11.346Z] [runtime-status] [11355] Checked functions.config() {"config":{}} {"metadata":{"emulator":{"name":"functions"},"function":{"name":"us-central1-api"},"extension":{},"message":"[runtime-status] [11355] Checked functions.config() {\"config\":{}}"}}
[debug] [2023-02-05T05:30:11.346Z] [runtime-status] [11356] Checked functions.config() {"config":{}} {"metadata":{"emulator":{"name":"functions"},"function":{"name":"us-central1-api"},"extension":{},"message":"[runtime-status] [11356] Checked functions.config() {\"config\":{}}"}}
[debug] [2023-02-05T05:30:11.346Z] [runtime-status] [11356] firebase-functions has been stubbed. {"functionsResolution":{"declared":true,"installed":true,"version":"3.24.1","resolution":"/Users/premchandersatheesh/git/premc98/Projects/amazon-clone/functions/node_modules/firebase-functions/lib/index.js"}} {"metadata":{"emulator":{"name":"functions"},"function":{"name":"us-central1-api"},"extension":{},"message":"[runtime-status] [11356] firebase-functions has been stubbed. {\"functionsResolution\":{\"declared\":true,\"installed\":true,\"version\":\"3.24.1\",\"resolution\":\"/Users/premchandersatheesh/git/premc98/Projects/amazon-clone/functions/node_modules/firebase-functions/lib/index.js\"}}"}}
[debug] [2023-02-05T05:30:11.346Z] [runtime-status] [11355] firebase-functions has been stubbed. {"functionsResolution":{"declared":true,"installed":true,"version":"3.24.1","resolution":"/Users/premchandersatheesh/git/premc98/Projects/amazon-clone/functions/node_modules/firebase-functions/lib/index.js"}} {"metadata":{"emulator":{"name":"functions"},"function":{"name":"us-central1-api"},"extension":{},"message":"[runtime-status] [11355] firebase-functions has been stubbed. {\"functionsResolution\":{\"declared\":true,\"installed\":true,\"version\":\"3.24.1\",\"resolution\":\"/Users/premchandersatheesh/git/premc98/Projects/amazon-clone/functions/node_modules/firebase-functions/lib/index.js\"}}"}}
[debug] [2023-02-05T05:30:11.346Z] [runtime-status] [11355] Resolved module firebase-functions {"declared":true,"installed":true,"version":"3.24.1","resolution":"/Users/premchandersatheesh/git/premc98/Projects/amazon-clone/functions/node_modules/firebase-functions/lib/index.js"} {"metadata":{"emulator":{"name":"functions"},"function":{"name":"us-central1-api"},"extension":{},"message":"[runtime-status] [11355] Resolved module firebase-functions {\"declared\":true,\"installed\":true,\"version\":\"3.24.1\",\"resolution\":\"/Users/premchandersatheesh/git/premc98/Projects/amazon-clone/functions/node_modules/firebase-functions/lib/index.js\"}"}}
[debug] [2023-02-05T05:30:11.346Z] [runtime-status] [11356] Resolved module firebase-functions {"declared":true,"installed":true,"version":"3.24.1","resolution":"/Users/premchandersatheesh/git/premc98/Projects/amazon-clone/functions/node_modules/firebase-functions/lib/index.js"} {"metadata":{"emulator":{"name":"functions"},"function":{"name":"us-central1-api"},"extension":{},"message":"[runtime-status] [11356] Resolved module firebase-functions {\"declared\":true,\"installed\":true,\"version\":\"3.24.1\",\"resolution\":\"/Users/premchandersatheesh/git/premc98/Projects/amazon-clone/functions/node_modules/firebase-functions/lib/index.js\"}"}}
[debug] [2023-02-05T05:30:11.347Z] [runtime-status] [11356] Resolved module firebase-admin {"declared":true,"installed":true,"version":"10.3.0","resolution":"/Users/premchandersatheesh/git/premc98/Projects/amazon-clone/functions/node_modules/firebase-admin/lib/index.js"} {"metadata":{"emulator":{"name":"functions"},"function":{"name":"us-central1-api"},"extension":{},"message":"[runtime-status] [11356] Resolved module firebase-admin {\"declared\":true,\"installed\":true,\"version\":\"10.3.0\",\"resolution\":\"/Users/premchandersatheesh/git/premc98/Projects/amazon-clone/functions/node_modules/firebase-admin/lib/index.js\"}"}}
[debug] [2023-02-05T05:30:11.347Z] [runtime-status] [11355] Resolved module firebase-admin {"declared":true,"installed":true,"version":"10.3.0","resolution":"/Users/premchandersatheesh/git/premc98/Projects/amazon-clone/functions/node_modules/firebase-admin/lib/index.js"} {"metadata":{"emulator":{"name":"functions"},"function":{"name":"us-central1-api"},"extension":{},"message":"[runtime-status] [11355] Resolved module firebase-admin {\"declared\":true,\"installed\":true,\"version\":\"10.3.0\",\"resolution\":\"/Users/premchandersatheesh/git/premc98/Projects/amazon-clone/functions/node_modules/firebase-admin/lib/index.js\"}"}}
[debug] [2023-02-05T05:30:11.347Z] [runtime-status] [11356] Resolved module firebase-functions {"declared":true,"installed":true,"version":"3.24.1","resolution":"/Users/premchandersatheesh/git/premc98/Projects/amazon-clone/functions/node_modules/firebase-functions/lib/index.js"} {"metadata":{"emulator":{"name":"functions"},"function":{"name":"us-central1-api"},"extension":{},"message":"[runtime-status] [11356] Resolved module firebase-functions {\"declared\":true,\"installed\":true,\"version\":\"3.24.1\",\"resolution\":\"/Users/premchandersatheesh/git/premc98/Projects/amazon-clone/functions/node_modules/firebase-functions/lib/index.js\"}"}}
[debug] [2023-02-05T05:30:11.347Z] [runtime-status] [11355] Resolved module firebase-functions {"declared":true,"installed":true,"version":"3.24.1","resolution":"/Users/premchandersatheesh/git/premc98/Projects/amazon-clone/functions/node_modules/firebase-functions/lib/index.js"} {"metadata":{"emulator":{"name":"functions"},"function":{"name":"us-central1-api"},"extension":{},"message":"[runtime-status] [11355] Resolved module firebase-functions {\"declared\":true,\"installed\":true,\"version\":\"3.24.1\",\"resolution\":\"/Users/premchandersatheesh/git/premc98/Projects/amazon-clone/functions/node_modules/firebase-functions/lib/index.js\"}"}}
[debug] [2023-02-05T05:30:11.347Z] [runtime-status] [11355] firebase-admin has been stubbed. {"adminResolution":{"declared":true,"installed":true,"version":"10.3.0","resolution":"/Users/premchandersatheesh/git/premc98/Projects/amazon-clone/functions/node_modules/firebase-admin/lib/index.js"}} {"metadata":{"emulator":{"name":"functions"},"function":{"name":"us-central1-api"},"extension":{},"message":"[runtime-status] [11355] firebase-admin has been stubbed. {\"adminResolution\":{\"declared\":true,\"installed\":true,\"version\":\"10.3.0\",\"resolution\":\"/Users/premchandersatheesh/git/premc98/Projects/amazon-clone/functions/node_modules/firebase-admin/lib/index.js\"}}"}}
[debug] [2023-02-05T05:30:11.347Z] [runtime-status] [11356] firebase-admin has been stubbed. {"adminResolution":{"declared":true,"installed":true,"version":"10.3.0","resolution":"/Users/premchandersatheesh/git/premc98/Projects/amazon-clone/functions/node_modules/firebase-admin/lib/index.js"}} {"metadata":{"emulator":{"name":"functions"},"function":{"name":"us-central1-api"},"extension":{},"message":"[runtime-status] [11356] firebase-admin has been stubbed. {\"adminResolution\":{\"declared\":true,\"installed\":true,\"version\":\"10.3.0\",\"resolution\":\"/Users/premchandersatheesh/git/premc98/Projects/amazon-clone/functions/node_modules/firebase-admin/lib/index.js\"}}"}}
[debug] [2023-02-05T05:30:11.430Z] [runtime-status] [11356] Functions runtime initialized. {"cwd":"/Users/premchandersatheesh/git/premc98/Projects/amazon-clone/functions","node_version":"16.14.0"} {"metadata":{"emulator":{"name":"functions"},"function":{"name":"us-central1-api"},"extension":{},"message":"[runtime-status] [11356] Functions runtime initialized. {\"cwd\":\"/Users/premchandersatheesh/git/premc98/Projects/amazon-clone/functions\",\"node_version\":\"16.14.0\"}"}}
[debug] [2023-02-05T05:30:11.430Z] [runtime-status] [11355] Functions runtime initialized. {"cwd":"/Users/premchandersatheesh/git/premc98/Projects/amazon-clone/functions","node_version":"16.14.0"} {"metadata":{"emulator":{"name":"functions"},"function":{"name":"us-central1-api"},"extension":{},"message":"[runtime-status] [11355] Functions runtime initialized. {\"cwd\":\"/Users/premchandersatheesh/git/premc98/Projects/amazon-clone/functions\",\"node_version\":\"16.14.0\"}"}}
[debug] [2023-02-05T05:30:11.430Z] [runtime-status] [11355] Listening to port: /var/folders/4s/_53l048n17b07_dnjdb86c200000gp/T/fire_emu_1e392b6edadd5384.sock {"metadata":{"emulator":{"name":"functions"},"function":{"name":"us-central1-api"},"extension":{},"message":"[runtime-status] [11355] Listening to port: /var/folders/4s/_53l048n17b07_dnjdb86c200000gp/T/fire_emu_1e392b6edadd5384.sock"}}
[debug] [2023-02-05T05:30:11.430Z] [runtime-status] [11356] Listening to port: /var/folders/4s/_53l048n17b07_dnjdb86c200000gp/T/fire_emu_5626de8f976b6130.sock {"metadata":{"emulator":{"name":"functions"},"function":{"name":"us-central1-api"},"extension":{},"message":"[runtime-status] [11356] Listening to port: /var/folders/4s/_53l048n17b07_dnjdb86c200000gp/T/fire_emu_5626de8f976b6130.sock"}}
[debug] [2023-02-05T05:30:11.498Z] [worker-us-central1-api-168f088e-4886-4fc0-ab7c-a66b24c40303]: IDLE {"metadata":{"emulator":{"name":"functions"},"message":"[worker-us-central1-api-168f088e-4886-4fc0-ab7c-a66b24c40303]: IDLE"}}
[debug] [2023-02-05T05:30:11.498Z] [worker-pool] submitRequest(triggerId=us-central1-api) {"metadata":{"emulator":{"name":"functions"},"message":"[worker-pool] submitRequest(triggerId=us-central1-api)"}}
[debug] [2023-02-05T05:30:11.498Z] [worker-us-central1-api-168f088e-4886-4fc0-ab7c-a66b24c40303]: BUSY {"metadata":{"emulator":{"name":"functions"},"message":"[worker-us-central1-api-168f088e-4886-4fc0-ab7c-a66b24c40303]: BUSY"}}
[info] i  functions: Beginning execution of "api" {"metadata":{"emulator":{"name":"functions"},"function":{"name":"us-central1-api"},"extension":{},"message":"Beginning execution of \"api\""}}
[info] >  payment request received for amount 29898 {"user":"payment request received for amount 29898","metadata":{"emulator":{"name":"functions"},"function":{"name":"us-central1-api"},"extension":{},"message":"\u001b[90m> \u001b[39m payment request received for amount 29898"}}
[debug] [2023-02-05T05:30:11.508Z] [worker-us-central1-api-97bd510f-32c9-4ebd-9a2c-81b75db05f27]: IDLE {"metadata":{"emulator":{"name":"functions"},"message":"[worker-us-central1-api-97bd510f-32c9-4ebd-9a2c-81b75db05f27]: IDLE"}}
[debug] [2023-02-05T05:30:11.509Z] [worker-pool] submitRequest(triggerId=us-central1-api) {"metadata":{"emulator":{"name":"functions"},"message":"[worker-pool] submitRequest(triggerId=us-central1-api)"}}
[debug] [2023-02-05T05:30:11.509Z] [worker-us-central1-api-97bd510f-32c9-4ebd-9a2c-81b75db05f27]: BUSY {"metadata":{"emulator":{"name":"functions"},"message":"[worker-us-central1-api-97bd510f-32c9-4ebd-9a2c-81b75db05f27]: BUSY"}}
[info] i  functions: Beginning execution of "api" {"metadata":{"emulator":{"name":"functions"},"function":{"name":"us-central1-api"},"extension":{},"message":"Beginning execution of \"api\""}}
[info] >  payment request received for amount 29898 {"user":"payment request received for amount 29898","metadata":{"emulator":{"name":"functions"},"function":{"name":"us-central1-api"},"extension":{},"message":"\u001b[90m> \u001b[39m payment request received for amount 29898"}}
[info] >  client_secret pi_3MY0nnFxrILRHLpE13a5xvv2_secret_kJt2knYo8ySr4T9FRzIVOJoqR {"user":"client_secret pi_3MY0nnFxrILRHLpE13a5xvv2_secret_kJt2knYo8ySr4T9FRzIVOJoqR","metadata":{"emulator":{"name":"functions"},"function":{"name":"us-central1-api"},"extension":{},"message":"\u001b[90m> \u001b[39m client_secret pi_3MY0nnFxrILRHLpE13a5xvv2_secret_kJt2knYo8ySr4T9FRzIVOJoqR"}}
[debug] [2023-02-05T05:30:11.907Z] [worker-us-central1-api-97bd510f-32c9-4ebd-9a2c-81b75db05f27]: IDLE {"metadata":{"emulator":{"name":"functions"},"message":"[worker-us-central1-api-97bd510f-32c9-4ebd-9a2c-81b75db05f27]: IDLE"}}
[debug] [2023-02-05T05:30:11.908Z] [work-queue] {"queuedWork":[],"queueLength":0,"runningWork":["/clone-f6853/us-central1/api/payments/create-2023-02-05T05:30:10.428Z"],"workRunningCount":1}
[info] i  functions: Finished "api" in 392.001291ms {"metadata":{"emulator":{"name":"functions"},"function":{"name":"us-central1-api"},"extension":{},"message":"Finished \"api\" in 392.001291ms"}}
[info] >  client_secret pi_3MY0nnFxrILRHLpE1uliPjh0_secret_FFaZWYgFycCCvJBhNHXsJcI0u {"user":"client_secret pi_3MY0nnFxrILRHLpE1uliPjh0_secret_FFaZWYgFycCCvJBhNHXsJcI0u","metadata":{"emulator":{"name":"functions"},"function":{"name":"us-central1-api"},"extension":{},"message":"\u001b[90m> \u001b[39m client_secret pi_3MY0nnFxrILRHLpE1uliPjh0_secret_FFaZWYgFycCCvJBhNHXsJcI0u"}}
[debug] [2023-02-05T05:30:11.939Z] [worker-us-central1-api-168f088e-4886-4fc0-ab7c-a66b24c40303]: IDLE {"metadata":{"emulator":{"name":"functions"},"message":"[worker-us-central1-api-168f088e-4886-4fc0-ab7c-a66b24c40303]: IDLE"}}
[debug] [2023-02-05T05:30:11.940Z] [work-queue] {"queuedWork":[],"queueLength":0,"runningWork":[],"workRunningCount":0}
[info] i  functions: Finished "api" in 438.999917ms {"metadata":{"emulator":{"name":"functions"},"function":{"name":"us-central1-api"},"extension":{},"message":"Finished \"api\" in 438.999917ms"}}
